Arguments: 
  C:\Program Files\nodejs\node.exe C:\Users\Lenovo\AppData\Roaming\npm\node_modules\yarn\bin\yarn.js add --dev nodmon

PATH: 
  C:\Windows\system32;C:\Windows;C:\Windows\System32\Wbem;C:\Windows\System32\WindowsPowerShell\v1.0\;C:\Windows\System32\OpenSSH\;C:\Program Files\nodejs\;C:\Program Files\MongoDB\Server\5.0\bin;C:\Users\Lenovo\AppData\Local\Microsoft\WindowsApps;"C:\Users\Lenova\AppData\Local\Android\sdk\tools;C:\Users\Lenova\AppData\Roaming\npm";;C:\Users\Lenovo\AppData\Local\Programs\Microsoft VS Code\bin;C:\Users\Lenovo\AppData\Roaming\npm

Yarn version: 
  1.22.11

Node version: 
  14.17.4

Platform: 
  win32 x64

Trace: 
  Error: https://registry.yarnpkg.com/nodmon: Not found
      at Request.params.callback [as _callback] (C:\Users\Lenovo\AppData\Roaming\npm\node_modules\yarn\lib\cli.js:66992:18)
      at Request.self.callback (C:\Users\Lenovo\AppData\Roaming\npm\node_modules\yarn\lib\cli.js:140763:22)
      at Request.emit (events.js:400:28)
      at Request.<anonymous> (C:\Users\Lenovo\AppData\Roaming\npm\node_modules\yarn\lib\cli.js:141735:10)
      at Request.emit (events.js:400:28)
      at IncomingMessage.<anonymous> (C:\Users\Lenovo\AppData\Roaming\npm\node_modules\yarn\lib\cli.js:141657:12)
      at Object.onceWrapper (events.js:519:28)
      at IncomingMessage.emit (events.js:412:35)
      at endReadableNT (internal/streams/readable.js:1317:12)
      at processTicksAndRejections (internal/process/task_queues.js:82:21)

npm manifest: 
  {
    "name": "mongodb_exrcise",
    "version": "1.0.0",
    "description": "",
    "main": "index.js",
    "scripts": {
      "test": "echo \"Error: no test specified\" && exit 1"
    },
    "author": "",
    "license": "ISC"
  }

yarn manifest: 
  No manifest

Lockfile: 
  # THIS IS AN AUTOGENERATED FILE. DO NOT EDIT THIS FILE DIRECTLY.
  # yarn lockfile v1
